0 info it worked if it ends with ok
1 verbose cli [ '/usr/local/Cellar/node/5.4.0/bin/node',
1 verbose cli   '/usr/local/bin/npm',
1 verbose cli   'run',
1 verbose cli   'chimp-watch' ]
2 info using npm@3.3.12
3 info using node@v5.4.0
4 verbose run-script [ 'prechimp-watch', 'chimp-watch', 'postchimp-watch' ]
5 info lifecycle chatter-widget-example@1.0.0~prechimp-watch: chatter-widget-example@1.0.0
6 silly lifecycle chatter-widget-example@1.0.0~prechimp-watch: no script for prechimp-watch, continuing
7 info lifecycle chatter-widget-example@1.0.0~chimp-watch: chatter-widget-example@1.0.0
8 verbose lifecycle chatter-widget-example@1.0.0~chimp-watch: unsafe-perm in lifecycle true
9 verbose lifecycle chatter-widget-example@1.0.0~chimp-watch: PATH: /usr/local/lib/node_modules/npm/bin/node-gyp-bin:/Users/kristiankyvik/hubro-sideprojects/chatter-widget-example/node_modules/.bin:/Users/kristiankyvik/.rvm/gems/ruby-2.0.0-p481@railstutorial_rails_4_0/bin:/Users/kristiankyvik/.rvm/gems/ruby-2.0.0-p481@global/bin:/Users/kristiankyvik/.rvm/rubies/ruby-2.0.0-p481/bin:/opt/local/bin:/opt/local/sbin:/usr/local/heroku/bin:/Users/kristiankyvik/Library/Enthought/Canopy_64bit/User/bin:/opt/local/sbin:/Users/kristiankyvik/anaconda/bin:/Library/Frameworks/Python.framework/Versions/2.7/bin:/usr/bin:/bin:/usr/sbin:/sbin:/usr/local/bin:/usr/texbin:/usr/local/mysql/bin:/Users/kristiankyvik/.rvm/bin
10 verbose lifecycle chatter-widget-example@1.0.0~chimp-watch: CWD: /Users/kristiankyvik/hubro-sideprojects/chatter-widget-example
11 silly lifecycle chatter-widget-example@1.0.0~chimp-watch: Args: [ '-c', 'chimp --ddp=http://localhost:3000 --path=tests' ]
12 silly lifecycle chatter-widget-example@1.0.0~chimp-watch: Returned: code: 2  signal: null
13 info lifecycle chatter-widget-example@1.0.0~chimp-watch: Failed to exec chimp-watch script
14 verbose stack Error: chatter-widget-example@1.0.0 chimp-watch: `chimp --ddp=http://localhost:3000 --path=tests`
14 verbose stack Exit status 2
14 verbose stack     at EventEmitter.<anonymous> (/usr/local/lib/node_modules/npm/lib/utils/lifecycle.js:232:16)
14 verbose stack     at emitTwo (events.js:87:13)
14 verbose stack     at EventEmitter.emit (events.js:172:7)
14 verbose stack     at ChildProcess.<anonymous> (/usr/local/lib/node_modules/npm/lib/utils/spawn.js:24:14)
14 verbose stack     at emitTwo (events.js:87:13)
14 verbose stack     at ChildProcess.emit (events.js:172:7)
14 verbose stack     at maybeClose (internal/child_process.js:821:16)
14 verbose stack     at Process.ChildProcess._handle.onexit (internal/child_process.js:211:5)
15 verbose pkgid chatter-widget-example@1.0.0
16 verbose cwd /Users/kristiankyvik/hubro-sideprojects/chatter-widget-example
17 error Darwin 16.1.0
18 error argv "/usr/local/Cellar/node/5.4.0/bin/node" "/usr/local/bin/npm" "run" "chimp-watch"
19 error node v5.4.0
20 error npm  v3.3.12
21 error code ELIFECYCLE
22 error chatter-widget-example@1.0.0 chimp-watch: `chimp --ddp=http://localhost:3000 --path=tests`
22 error Exit status 2
23 error Failed at the chatter-widget-example@1.0.0 chimp-watch script 'chimp --ddp=http://localhost:3000 --path=tests'.
23 error Make sure you have the latest version of node.js and npm installed.
23 error If you do, this is most likely a problem with the chatter-widget-example package,
23 error not with npm itself.
23 error Tell the author that this fails on your system:
23 error     chimp --ddp=http://localhost:3000 --path=tests
23 error You can get their info via:
23 error     npm owner ls chatter-widget-example
23 error There is likely additional logging output above.
24 verbose exit [ 1, true ]
